<?xml version="1.0" encoding="UTF-8"?>
<testng-results ignored="0" total="2" passed="2" failed="0" skipped="0">
  <reporter-output>
  </reporter-output>
  <suite started-at="2022-09-19T18:53:29 IST" name="Suite" finished-at="2022-09-19T18:53:29 IST" duration-ms="98">
    <groups>
    </groups>
    <test started-at="2022-09-19T18:53:29 IST" name="Test" finished-at="2022-09-19T18:53:29 IST" duration-ms="98">
      <class name="Project1.GitPractice.Test1">
        <test-method signature="demo1()[pri:0, instance:Project1.GitPractice.Test1@71b1176b]" started-at="2022-09-19T18:53:29 IST" name="demo1" finished-at="2022-09-19T18:53:29 IST" duration-ms="16" status="PASS">
          <reporter-output>
          </reporter-output>
        </test-method> <!-- demo1 -->
      </class> <!-- Project1.GitPractice.Test1 -->
      <class name="Project1.GitPractice.Test2">
        <test-method signature="demo2()[pri:0, instance:Project1.GitPractice.Test2@670002]" started-at="2022-09-19T18:53:29 IST" name="demo2" finished-at="2022-09-19T18:53:29 IST" duration-ms="1" status="PASS">
          <reporter-output>
          </reporter-output>
        </test-method> <!-- demo2 -->
      </class> <!-- Project1.GitPractice.Test2 -->
    </test> <!-- Test -->
  </suite> <!-- Suite -->
</testng-results>
